2015-03-23 17:28:26,510 - Velocity was not initialized! Calling init()...
2015-03-23 17:28:26,510 - Velocity was not initialized! Calling init()...
2015-03-23 17:28:26,510 - Velocity was not initialized! Calling init()...
2015-03-23 17:28:26,510 - Velocity was not initialized! Calling init()...
2015-03-23 17:28:26,510 - Velocity was not initialized! Calling init()...
2015-03-23 17:28:26,510 - Velocity was not initialized! Calling init()...
2015-03-23 17:28:26,510 - Velocity was not initialized! Calling init()...
2015-03-23 17:28:26,511 - Velocity was not initialized! Calling init()...
2015-03-23 17:28:26,511 - Velocity was not initialized! Calling init()...
2015-03-23 17:28:26,511 - Created '20' parsers.
2015-03-23 17:28:26,514 - Velocimacro : "velocimacro.library" is not set.  Trying default library: VM_global_library.vm
2015-03-23 17:28:26,514 - Velocity was not initialized! Calling init()...
2015-03-23 17:28:26,514 - Could not load resource 'VM_global_library.vm' from ResourceLoader org.apache.velocity.runtime.resource.loader.ClasspathResourceLoader: 
org.apache.velocity.exception.ResourceNotFoundException: ClasspathResourceLoader Error: cannot find resource VM_global_library.vm
	at org.apache.velocity.runtime.resource.loader.ClasspathResourceLoader.getResourceStream(ClasspathResourceLoader.java:131)
	at org.apache.velocity.runtime.resource.loader.ResourceLoader.resourceExists(ResourceLoader.java:224)
	at org.apache.velocity.runtime.resource.ResourceManagerImpl.getLoaderForResource(ResourceManagerImpl.java:641)
	at org.apache.velocity.runtime.resource.ResourceManagerImpl.getLoaderNameForResource(ResourceManagerImpl.java:624)
	at org.apache.velocity.runtime.RuntimeInstance.getLoaderNameForResource(RuntimeInstance.java:1464)
	at org.apache.velocity.runtime.VelocimacroFactory.initVelocimacro(VelocimacroFactory.java:159)
	at org.apache.velocity.runtime.RuntimeInstance.init(RuntimeInstance.java:261)
	at org.apache.velocity.runtime.RuntimeInstance.init(RuntimeInstance.java:589)
	at org.apache.velocity.app.VelocityEngine.init(VelocityEngine.java:135)
	at gool.generator.common.CodePrinter.<init>(CodePrinter.java:133)
	at gool.generator.python.PythonCodePrinter.<init>(PythonCodePrinter.java:77)
	at gool.generator.python.PythonPlatform.initializeCodeWriter(PythonPlatform.java:47)
	at gool.generator.common.Platform.getCodePrinter(Platform.java:136)
	at gool.parser.java.JavaParser.parseGool(JavaParser.java:128)
	at gool.parser.java.JavaParser.parseGool(JavaParser.java:169)
	at gool.parser.java.JavaParser.parseGool(JavaParser.java:159)
	at gool.GOOLCompiler.concretePlatformeToAbstractGool(GOOLCompiler.java:290)
	at gool.GOOLCompiler.runGOOLCompiler(GOOLCompiler.java:255)
	at gool.test.GoolTestTranslationFromJavaToPython.runGoolCompiler(GoolTestTranslationFromJavaToPython.java:162)
	at gool.test.GoolTestTranslationFromJavaToPython.SimpleWhileTranslationTest(GoolTestTranslationFromJavaToPython.java:50)
	at sun.reflect.NativeMethodAccessorImpl.invoke0(Native Method)
	at sun.reflect.NativeMethodAccessorImpl.invoke(NativeMethodAccessorImpl.java:62)
	at sun.reflect.DelegatingMethodAccessorImpl.invoke(DelegatingMethodAccessorImpl.java:43)
	at java.lang.reflect.Method.invoke(Method.java:483)
	at org.junit.runners.model.FrameworkMethod$1.runReflectiveCall(FrameworkMethod.java:47)
	at org.junit.internal.runners.model.ReflectiveCallable.run(ReflectiveCallable.java:12)
	at org.junit.runners.model.FrameworkMethod.invokeExplosively(FrameworkMethod.java:44)
	at org.junit.internal.runners.statements.InvokeMethod.evaluate(InvokeMethod.java:17)
	at org.junit.runners.ParentRunner.runLeaf(ParentRunner.java:271)
	at org.junit.runners.BlockJUnit4ClassRunner.runChild(BlockJUnit4ClassRunner.java:70)
	at org.junit.runners.BlockJUnit4ClassRunner.runChild(BlockJUnit4ClassRunner.java:50)
	at org.junit.runners.ParentRunner$3.run(ParentRunner.java:238)
	at org.junit.runners.ParentRunner$1.schedule(ParentRunner.java:63)
	at org.junit.runners.ParentRunner.runChildren(ParentRunner.java:236)
	at org.junit.runners.ParentRunner.access$000(ParentRunner.java:53)
	at org.junit.runners.ParentRunner$2.evaluate(ParentRunner.java:229)
	at org.junit.runners.ParentRunner.run(ParentRunner.java:309)
	at org.eclipse.jdt.internal.junit4.runner.JUnit4TestReference.run(JUnit4TestReference.java:50)
	at org.eclipse.jdt.internal.junit.runner.TestExecution.run(TestExecution.java:38)
	at org.eclipse.jdt.internal.junit.runner.RemoteTestRunner.runTests(RemoteTestRunner.java:467)
	at org.eclipse.jdt.internal.junit.runner.RemoteTestRunner.runTests(RemoteTestRunner.java:683)
	at org.eclipse.jdt.internal.junit.runner.RemoteTestRunner.run(RemoteTestRunner.java:390)
	at org.eclipse.jdt.internal.junit.runner.RemoteTestRunner.main(RemoteTestRunner.java:197)
2015-03-23 17:28:26,516 - Velocimacro : Default library not found.
2015-03-23 17:28:26,516 - Velocimacro : allowInline = true : VMs can be defined inline in templates
2015-03-23 17:28:26,516 - Velocimacro : allowInlineToOverride = false : VMs defined inline may NOT replace previous VM definitions
2015-03-23 17:28:26,516 - Velocimacro : allowInlineLocal = false : VMs defined inline will be global in scope if allowed.
2015-03-23 17:28:26,516 - Velocimacro : autoload off : VM system will not automatically reload global library macros
2015-03-23 17:31:00,007 - Log4JLogChute initialized using file 'velocity.log'
2015-03-23 17:31:00,008 - Starting Apache Velocity v1.6.4 (compiled: 2010-04-27 15:31:23)
2015-03-23 17:31:00,008 - Default Properties File: org/apache/velocity/runtime/defaults/velocity.properties
2015-03-23 17:31:00,008 - Trying to use logger class org.apache.velocity.runtime.log.AvalonLogChute
2015-03-23 17:31:00,008 - Target log system for org.apache.velocity.runtime.log.AvalonLogChute is not available (java.lang.NoClassDefFoundError: org/apache/log/format/Formatter).  Falling back to next log system...
2015-03-23 17:31:00,008 - Trying to use logger class org.apache.velocity.runtime.log.Log4JLogChute
2015-03-23 17:31:00,008 - Using logger class org.apache.velocity.runtime.log.Log4JLogChute
2015-03-23 17:31:00,011 - ResourceLoader instantiated: org.apache.velocity.runtime.resource.loader.ClasspathResourceLoader
2015-03-23 17:31:00,020 - ResourceCache: initialized (class org.apache.velocity.runtime.resource.ResourceCacheImpl) with class java.util.Collections$SynchronizedMap cache map.
2015-03-23 17:31:00,022 - Loaded System Directive: org.apache.velocity.runtime.directive.Define
2015-03-23 17:31:00,023 - Loaded System Directive: org.apache.velocity.runtime.directive.Break
2015-03-23 17:31:00,024 - Loaded System Directive: org.apache.velocity.runtime.directive.Evaluate
2015-03-23 17:31:00,024 - Loaded System Directive: org.apache.velocity.runtime.directive.Literal
2015-03-23 17:31:00,025 - Loaded System Directive: org.apache.velocity.runtime.directive.Macro
2015-03-23 17:31:00,026 - Loaded System Directive: org.apache.velocity.runtime.directive.Parse
2015-03-23 17:31:00,026 - Loaded System Directive: org.apache.velocity.runtime.directive.Include
2015-03-23 17:31:00,027 - Loaded System Directive: org.apache.velocity.runtime.directive.Foreach
2015-03-23 17:31:00,029 - Velocity was not initialized! Calling init()...
2015-03-23 17:31:00,042 - Velocity was not initialized! Calling init()...
2015-03-23 17:31:00,042 - Velocity was not initialized! Calling init()...
2015-03-23 17:31:00,042 - Velocity was not initialized! Calling init()...
2015-03-23 17:31:00,042 - Velocity was not initialized! Calling init()...
2015-03-23 17:31:00,042 - Velocity was not initialized! Calling init()...
2015-03-23 17:31:00,042 - Velocity was not initialized! Calling init()...
2015-03-23 17:31:00,042 - Velocity was not initialized! Calling init()...
2015-03-23 17:31:00,042 - Velocity was not initialized! Calling init()...
2015-03-23 17:31:00,042 - Velocity was not initialized! Calling init()...
2015-03-23 17:31:00,042 - Velocity was not initialized! Calling init()...
2015-03-23 17:31:00,043 - Velocity was not initialized! Calling init()...
2015-03-23 17:31:00,043 - Velocity was not initialized! Calling init()...
2015-03-23 17:31:00,043 - Velocity was not initialized! Calling init()...
2015-03-23 17:31:00,043 - Velocity was not initialized! Calling init()...
2015-03-23 17:31:00,043 - Velocity was not initialized! Calling init()...
2015-03-23 17:31:00,043 - Velocity was not initialized! Calling init()...
2015-03-23 17:31:00,043 - Velocity was not initialized! Calling init()...
2015-03-23 17:31:00,043 - Velocity was not initialized! Calling init()...
2015-03-23 17:31:00,043 - Velocity was not initialized! Calling init()...
2015-03-23 17:31:00,043 - Created '20' parsers.
2015-03-23 17:31:00,046 - Velocimacro : "velocimacro.library" is not set.  Trying default library: VM_global_library.vm
2015-03-23 17:31:00,046 - Velocity was not initialized! Calling init()...
2015-03-23 17:31:00,047 - Could not load resource 'VM_global_library.vm' from ResourceLoader org.apache.velocity.runtime.resource.loader.ClasspathResourceLoader: 
org.apache.velocity.exception.ResourceNotFoundException: ClasspathResourceLoader Error: cannot find resource VM_global_library.vm
	at org.apache.velocity.runtime.resource.loader.ClasspathResourceLoader.getResourceStream(ClasspathResourceLoader.java:131)
	at org.apache.velocity.runtime.resource.loader.ResourceLoader.resourceExists(ResourceLoader.java:224)
	at org.apache.velocity.runtime.resource.ResourceManagerImpl.getLoaderForResource(ResourceManagerImpl.java:641)
	at org.apache.velocity.runtime.resource.ResourceManagerImpl.getLoaderNameForResource(ResourceManagerImpl.java:624)
	at org.apache.velocity.runtime.RuntimeInstance.getLoaderNameForResource(RuntimeInstance.java:1464)
	at org.apache.velocity.runtime.VelocimacroFactory.initVelocimacro(VelocimacroFactory.java:159)
	at org.apache.velocity.runtime.RuntimeInstance.init(RuntimeInstance.java:261)
	at org.apache.velocity.runtime.RuntimeInstance.init(RuntimeInstance.java:589)
	at org.apache.velocity.app.VelocityEngine.init(VelocityEngine.java:135)
	at gool.generator.common.CodePrinter.<init>(CodePrinter.java:133)
	at gool.generator.python.PythonCodePrinter.<init>(PythonCodePrinter.java:77)
	at gool.generator.python.PythonPlatform.initializeCodeWriter(PythonPlatform.java:47)
	at gool.generator.common.Platform.getCodePrinter(Platform.java:136)
	at gool.parser.java.JavaParser.parseGool(JavaParser.java:128)
	at gool.parser.java.JavaParser.parseGool(JavaParser.java:169)
	at gool.parser.java.JavaParser.parseGool(JavaParser.java:159)
	at gool.GOOLCompiler.concretePlatformeToAbstractGool(GOOLCompiler.java:290)
	at gool.GOOLCompiler.runGOOLCompiler(GOOLCompiler.java:255)
	at gool.test.GoolTestTranslationFromJavaToPython.runGoolCompiler(GoolTestTranslationFromJavaToPython.java:204)
	at gool.test.GoolTestTranslationFromJavaToPython.SimpleWhileTranslationTest(GoolTestTranslationFromJavaToPython.java:50)
	at sun.reflect.NativeMethodAccessorImpl.invoke0(Native Method)
	at sun.reflect.NativeMethodAccessorImpl.invoke(NativeMethodAccessorImpl.java:62)
	at sun.reflect.DelegatingMethodAccessorImpl.invoke(DelegatingMethodAccessorImpl.java:43)
	at java.lang.reflect.Method.invoke(Method.java:483)
	at org.junit.runners.model.FrameworkMethod$1.runReflectiveCall(FrameworkMethod.java:47)
	at org.junit.internal.runners.model.ReflectiveCallable.run(ReflectiveCallable.java:12)
	at org.junit.runners.model.FrameworkMethod.invokeExplosively(FrameworkMethod.java:44)
	at org.junit.internal.runners.statements.InvokeMethod.evaluate(InvokeMethod.java:17)
	at org.junit.runners.ParentRunner.runLeaf(ParentRunner.java:271)
	at org.junit.runners.BlockJUnit4ClassRunner.runChild(BlockJUnit4ClassRunner.java:70)
	at org.junit.runners.BlockJUnit4ClassRunner.runChild(BlockJUnit4ClassRunner.java:50)
	at org.junit.runners.ParentRunner$3.run(ParentRunner.java:238)
	at org.junit.runners.ParentRunner$1.schedule(ParentRunner.java:63)
	at org.junit.runners.ParentRunner.runChildren(ParentRunner.java:236)
	at org.junit.runners.ParentRunner.access$000(ParentRunner.java:53)
	at org.junit.runners.ParentRunner$2.evaluate(ParentRunner.java:229)
	at org.junit.runners.ParentRunner.run(ParentRunner.java:309)
	at org.eclipse.jdt.internal.junit4.runner.JUnit4TestReference.run(JUnit4TestReference.java:50)
	at org.eclipse.jdt.internal.junit.runner.TestExecution.run(TestExecution.java:38)
	at org.eclipse.jdt.internal.junit.runner.RemoteTestRunner.runTests(RemoteTestRunner.java:467)
	at org.eclipse.jdt.internal.junit.runner.RemoteTestRunner.runTests(RemoteTestRunner.java:683)
	at org.eclipse.jdt.internal.junit.runner.RemoteTestRunner.run(RemoteTestRunner.java:390)
	at org.eclipse.jdt.internal.junit.runner.RemoteTestRunner.main(RemoteTestRunner.java:197)
2015-03-23 17:31:00,048 - Velocimacro : Default library not found.
2015-03-23 17:31:00,048 - Velocimacro : allowInline = true : VMs can be defined inline in templates
2015-03-23 17:31:00,048 - Velocimacro : allowInlineToOverride = false : VMs defined inline may NOT replace previous VM definitions
2015-03-23 17:31:00,048 - Velocimacro : allowInlineLocal = false : VMs defined inline will be global in scope if allowed.
2015-03-23 17:31:00,048 - Velocimacro : autoload off : VM system will not automatically reload global library macros
2015-03-23 17:31:31,366 - Log4JLogChute initialized using file 'velocity.log'
2015-03-23 17:31:31,367 - Starting Apache Velocity v1.6.4 (compiled: 2010-04-27 15:31:23)
2015-03-23 17:31:31,367 - Default Properties File: org/apache/velocity/runtime/defaults/velocity.properties
2015-03-23 17:31:31,367 - Trying to use logger class org.apache.velocity.runtime.log.AvalonLogChute
2015-03-23 17:31:31,367 - Target log system for org.apache.velocity.runtime.log.AvalonLogChute is not available (java.lang.NoClassDefFoundError: org/apache/log/format/Formatter).  Falling back to next log system...
2015-03-23 17:31:31,367 - Trying to use logger class org.apache.velocity.runtime.log.Log4JLogChute
2015-03-23 17:31:31,367 - Using logger class org.apache.velocity.runtime.log.Log4JLogChute
2015-03-23 17:31:31,369 - ResourceLoader instantiated: org.apache.velocity.runtime.resource.loader.ClasspathResourceLoader
2015-03-23 17:31:31,376 - ResourceCache: initialized (class org.apache.velocity.runtime.resource.ResourceCacheImpl) with class java.util.Collections$SynchronizedMap cache map.
2015-03-23 17:31:31,378 - Loaded System Directive: org.apache.velocity.runtime.directive.Define
2015-03-23 17:31:31,379 - Loaded System Directive: org.apache.velocity.runtime.directive.Break
2015-03-23 17:31:31,380 - Loaded System Directive: org.apache.velocity.runtime.directive.Evaluate
2015-03-23 17:31:31,380 - Loaded System Directive: org.apache.velocity.runtime.directive.Literal
2015-03-23 17:31:31,381 - Loaded System Directive: org.apache.velocity.runtime.directive.Macro
2015-03-23 17:31:31,382 - Loaded System Directive: org.apache.velocity.runtime.directive.Parse
2015-03-23 17:31:31,384 - Loaded System Directive: org.apache.velocity.runtime.directive.Include
2015-03-23 17:31:31,385 - Loaded System Directive: org.apache.velocity.runtime.directive.Foreach
2015-03-23 17:31:31,387 - Velocity was not initialized! Calling init()...
2015-03-23 17:31:31,401 - Velocity was not initialized! Calling init()...
2015-03-23 17:31:31,401 - Velocity was not initialized! Calling init()...
2015-03-23 17:31:31,401 - Velocity was not initialized! Calling init()...
2015-03-23 17:31:31,401 - Velocity was not initialized! Calling init()...
2015-03-23 17:31:31,401 - Velocity was not initialized! Calling init()...
2015-03-23 17:31:31,401 - Velocity was not initialized! Calling init()...
2015-03-23 17:31:31,401 - Velocity was not initialized! Calling init()...
2015-03-23 17:31:31,401 - Velocity was not initialized! Calling init()...
2015-03-23 17:31:31,401 - Velocity was not initialized! Calling init()...
2015-03-23 17:31:31,401 - Velocity was not initialized! Calling init()...
2015-03-23 17:31:31,402 - Velocity was not initialized! Calling init()...
2015-03-23 17:31:31,402 - Velocity was not initialized! Calling init()...
2015-03-23 17:31:31,402 - Velocity was not initialized! Calling init()...
2015-03-23 17:31:31,402 - Velocity was not initialized! Calling init()...
2015-03-23 17:31:31,402 - Velocity was not initialized! Calling init()...
2015-03-23 17:31:31,402 - Velocity was not initialized! Calling init()...
2015-03-23 17:31:31,402 - Velocity was not initialized! Calling init()...
2015-03-23 17:31:31,402 - Velocity was not initialized! Calling init()...
2015-03-23 17:31:31,402 - Velocity was not initialized! Calling init()...
2015-03-23 17:31:31,402 - Created '20' parsers.
2015-03-23 17:31:31,406 - Velocimacro : "velocimacro.library" is not set.  Trying default library: VM_global_library.vm
2015-03-23 17:31:31,406 - Velocity was not initialized! Calling init()...
2015-03-23 17:31:31,406 - Could not load resource 'VM_global_library.vm' from ResourceLoader org.apache.velocity.runtime.resource.loader.ClasspathResourceLoader: 
org.apache.velocity.exception.ResourceNotFoundException: ClasspathResourceLoader Error: cannot find resource VM_global_library.vm
	at org.apache.velocity.runtime.resource.loader.ClasspathResourceLoader.getResourceStream(ClasspathResourceLoader.java:131)
	at org.apache.velocity.runtime.resource.loader.ResourceLoader.resourceExists(ResourceLoader.java:224)
	at org.apache.velocity.runtime.resource.ResourceManagerImpl.getLoaderForResource(ResourceManagerImpl.java:641)
	at org.apache.velocity.runtime.resource.ResourceManagerImpl.getLoaderNameForResource(ResourceManagerImpl.java:624)
	at org.apache.velocity.runtime.RuntimeInstance.getLoaderNameForResource(RuntimeInstance.java:1464)
	at org.apache.velocity.runtime.VelocimacroFactory.initVelocimacro(VelocimacroFactory.java:159)
	at org.apache.velocity.runtime.RuntimeInstance.init(RuntimeInstance.java:261)
	at org.apache.velocity.runtime.RuntimeInstance.init(RuntimeInstance.java:589)
	at org.apache.velocity.app.VelocityEngine.init(VelocityEngine.java:135)
	at gool.generator.common.CodePrinter.<init>(CodePrinter.java:133)
	at gool.generator.python.PythonCodePrinter.<init>(PythonCodePrinter.java:77)
	at gool.generator.python.PythonPlatform.initializeCodeWriter(PythonPlatform.java:47)
	at gool.generator.common.Platform.getCodePrinter(Platform.java:136)
	at gool.parser.java.JavaParser.parseGool(JavaParser.java:128)
	at gool.parser.java.JavaParser.parseGool(JavaParser.java:169)
	at gool.parser.java.JavaParser.parseGool(JavaParser.java:159)
	at gool.GOOLCompiler.concretePlatformeToAbstractGool(GOOLCompiler.java:290)
	at gool.GOOLCompiler.runGOOLCompiler(GOOLCompiler.java:255)
	at gool.test.GoolTestTranslationFromJavaToPython.runGoolCompiler(GoolTestTranslationFromJavaToPython.java:204)
	at gool.test.GoolTestTranslationFromJavaToPython.SimpleWhileTranslationTest(GoolTestTranslationFromJavaToPython.java:50)
	at sun.reflect.NativeMethodAccessorImpl.invoke0(Native Method)
	at sun.reflect.NativeMethodAccessorImpl.invoke(NativeMethodAccessorImpl.java:62)
	at sun.reflect.DelegatingMethodAccessorImpl.invoke(DelegatingMethodAccessorImpl.java:43)
	at java.lang.reflect.Method.invoke(Method.java:483)
	at org.junit.runners.model.FrameworkMethod$1.runReflectiveCall(FrameworkMethod.java:47)
	at org.junit.internal.runners.model.ReflectiveCallable.run(ReflectiveCallable.java:12)
	at org.junit.runners.model.FrameworkMethod.invokeExplosively(FrameworkMethod.java:44)
	at org.junit.internal.runners.statements.InvokeMethod.evaluate(InvokeMethod.java:17)
	at org.junit.runners.ParentRunner.runLeaf(ParentRunner.java:271)
	at org.junit.runners.BlockJUnit4ClassRunner.runChild(BlockJUnit4ClassRunner.java:70)
	at org.junit.runners.BlockJUnit4ClassRunner.runChild(BlockJUnit4ClassRunner.java:50)
	at org.junit.runners.ParentRunner$3.run(ParentRunner.java:238)
	at org.junit.runners.ParentRunner$1.schedule(ParentRunner.java:63)
	at org.junit.runners.ParentRunner.runChildren(ParentRunner.java:236)
	at org.junit.runners.ParentRunner.access$000(ParentRunner.java:53)
	at org.junit.runners.ParentRunner$2.evaluate(ParentRunner.java:229)
	at org.junit.runners.ParentRunner.run(ParentRunner.java:309)
	at org.eclipse.jdt.internal.junit4.runner.JUnit4TestReference.run(JUnit4TestReference.java:50)
	at org.eclipse.jdt.internal.junit.runner.TestExecution.run(TestExecution.java:38)
	at org.eclipse.jdt.internal.junit.runner.RemoteTestRunner.runTests(RemoteTestRunner.java:467)
	at org.eclipse.jdt.internal.junit.runner.RemoteTestRunner.runTests(RemoteTestRunner.java:683)
	at org.eclipse.jdt.internal.junit.runner.RemoteTestRunner.run(RemoteTestRunner.java:390)
	at org.eclipse.jdt.internal.junit.runner.RemoteTestRunner.main(RemoteTestRunner.java:197)
2015-03-23 17:31:31,408 - Velocimacro : Default library not found.
2015-03-23 17:31:31,408 - Velocimacro : allowInline = true : VMs can be defined inline in templates
2015-03-23 17:31:31,408 - Velocimacro : allowInlineToOverride = false : VMs defined inline may NOT replace previous VM definitions
2015-03-23 17:31:31,408 - Velocimacro : allowInlineLocal = false : VMs defined inline will be global in scope if allowed.
2015-03-23 17:31:31,408 - Velocimacro : autoload off : VM system will not automatically reload global library macros
2015-03-23 17:35:43,434 - Log4JLogChute initialized using file 'velocity.log'
2015-03-23 17:35:43,435 - Starting Apache Velocity v1.6.4 (compiled: 2010-04-27 15:31:23)
2015-03-23 17:35:43,435 - Default Properties File: org/apache/velocity/runtime/defaults/velocity.properties
2015-03-23 17:35:43,435 - Trying to use logger class org.apache.velocity.runtime.log.AvalonLogChute
2015-03-23 17:35:43,435 - Target log system for org.apache.velocity.runtime.log.AvalonLogChute is not available (java.lang.NoClassDefFoundError: org/apache/log/format/Formatter).  Falling back to next log system...
2015-03-23 17:35:43,435 - Trying to use logger class org.apache.velocity.runtime.log.Log4JLogChute
2015-03-23 17:35:43,435 - Using logger class org.apache.velocity.runtime.log.Log4JLogChute
2015-03-23 17:35:43,437 - ResourceLoader instantiated: org.apache.velocity.runtime.resource.loader.ClasspathResourceLoader
2015-03-23 17:35:43,444 - ResourceCache: initialized (class org.apache.velocity.runtime.resource.ResourceCacheImpl) with class java.util.Collections$SynchronizedMap cache map.
2015-03-23 17:35:43,445 - Loaded System Directive: org.apache.velocity.runtime.directive.Define
2015-03-23 17:35:43,446 - Loaded System Directive: org.apache.velocity.runtime.directive.Break
2015-03-23 17:35:43,447 - Loaded System Directive: org.apache.velocity.runtime.directive.Evaluate
2015-03-23 17:35:43,447 - Loaded System Directive: org.apache.velocity.runtime.directive.Literal
2015-03-23 17:35:43,448 - Loaded System Directive: org.apache.velocity.runtime.directive.Macro
2015-03-23 17:35:43,450 - Loaded System Directive: org.apache.velocity.runtime.directive.Parse
2015-03-23 17:35:43,451 - Loaded System Directive: org.apache.velocity.runtime.directive.Include
2015-03-23 17:35:43,451 - Loaded System Directive: org.apache.velocity.runtime.directive.Foreach
2015-03-23 17:35:43,453 - Velocity was not initialized! Calling init()...
2015-03-23 17:35:43,468 - Velocity was not initialized! Calling init()...
2015-03-23 17:35:43,469 - Velocity was not initialized! Calling init()...
2015-03-23 17:35:43,469 - Velocity was not initialized! Calling init()...
2015-03-23 17:35:43,469 - Velocity was not initialized! Calling init()...
2015-03-23 17:35:43,469 - Velocity was not initialized! Calling init()...
2015-03-23 17:35:43,469 - Velocity was not initialized! Calling init()...
2015-03-23 17:35:43,469 - Velocity was not initialized! Calling init()...
2015-03-23 17:35:43,469 - Velocity was not initialized! Calling init()...
2015-03-23 17:35:43,469 - Velocity was not initialized! Calling init()...
2015-03-23 17:35:43,469 - Velocity was not initialized! Calling init()...
2015-03-23 17:35:43,469 - Velocity was not initialized! Calling init()...
2015-03-23 17:35:43,469 - Velocity was not initialized! Calling init()...
2015-03-23 17:35:43,469 - Velocity was not initialized! Calling init()...
2015-03-23 17:35:43,469 - Velocity was not initialized! Calling init()...
2015-03-23 17:35:43,469 - Velocity was not initialized! Calling init()...
2015-03-23 17:35:43,470 - Velocity was not initialized! Calling init()...
2015-03-23 17:35:43,470 - Velocity was not initialized! Calling init()...
2015-03-23 17:35:43,470 - Velocity was not initialized! Calling init()...
2015-03-23 17:35:43,470 - Velocity was not initialized! Calling init()...
2015-03-23 17:35:43,470 - Created '20' parsers.
2015-03-23 17:35:43,474 - Velocimacro : "velocimacro.library" is not set.  Trying default library: VM_global_library.vm
2015-03-23 17:35:43,474 - Velocity was not initialized! Calling init()...
2015-03-23 17:35:43,475 - Could not load resource 'VM_global_library.vm' from ResourceLoader org.apache.velocity.runtime.resource.loader.ClasspathResourceLoader: 
org.apache.velocity.exception.ResourceNotFoundException: ClasspathResourceLoader Error: cannot find resource VM_global_library.vm
	at org.apache.velocity.runtime.resource.loader.ClasspathResourceLoader.getResourceStream(ClasspathResourceLoader.java:131)
	at org.apache.velocity.runtime.resource.loader.ResourceLoader.resourceExists(ResourceLoader.java:224)
	at org.apache.velocity.runtime.resource.ResourceManagerImpl.getLoaderForResource(ResourceManagerImpl.java:641)
	at org.apache.velocity.runtime.resource.ResourceManagerImpl.getLoaderNameForResource(ResourceManagerImpl.java:624)
	at org.apache.velocity.runtime.RuntimeInstance.getLoaderNameForResource(RuntimeInstance.java:1464)
	at org.apache.velocity.runtime.VelocimacroFactory.initVelocimacro(VelocimacroFactory.java:159)
	at org.apache.velocity.runtime.RuntimeInstance.init(RuntimeInstance.java:261)
	at org.apache.velocity.runtime.RuntimeInstance.init(RuntimeInstance.java:589)
	at org.apache.velocity.app.VelocityEngine.init(VelocityEngine.java:135)
	at gool.generator.common.CodePrinter.<init>(CodePrinter.java:133)
	at gool.generator.cpp.CppCodePrinter.<init>(CppCodePrinter.java:82)
	at gool.generator.cpp.CppPlatform.initializeCodeWriter(CppPlatform.java:43)
	at gool.generator.common.Platform.getCodePrinter(Platform.java:136)
	at gool.parser.java.JavaParser.parseGool(JavaParser.java:128)
	at gool.parser.java.JavaParser.parseGool(JavaParser.java:169)
	at gool.parser.java.JavaParser.parseGool(JavaParser.java:159)
	at gool.GOOLCompiler.concretePlatformeToAbstractGool(GOOLCompiler.java:290)
	at gool.GOOLCompiler.runGOOLCompiler(GOOLCompiler.java:255)
	at gool.test.GoolTestTranslationFromJavaToCpp.runGoolCompiler(GoolTestTranslationFromJavaToCpp.java:208)
	at gool.test.GoolTestTranslationFromJavaToCpp.SimpleWhileTranslationTest(GoolTestTranslationFromJavaToCpp.java:54)
	at sun.reflect.NativeMethodAccessorImpl.invoke0(Native Method)
	at sun.reflect.NativeMethodAccessorImpl.invoke(NativeMethodAccessorImpl.java:62)
	at sun.reflect.DelegatingMethodAccessorImpl.invoke(DelegatingMethodAccessorImpl.java:43)
	at java.lang.reflect.Method.invoke(Method.java:483)
	at org.junit.runners.model.FrameworkMethod$1.runReflectiveCall(FrameworkMethod.java:47)
	at org.junit.internal.runners.model.ReflectiveCallable.run(ReflectiveCallable.java:12)
	at org.junit.runners.model.FrameworkMethod.invokeExplosively(FrameworkMethod.java:44)
	at org.junit.internal.runners.statements.InvokeMethod.evaluate(InvokeMethod.java:17)
	at org.junit.runners.ParentRunner.runLeaf(ParentRunner.java:271)
	at org.junit.runners.BlockJUnit4ClassRunner.runChild(BlockJUnit4ClassRunner.java:70)
	at org.junit.runners.BlockJUnit4ClassRunner.runChild(BlockJUnit4ClassRunner.java:50)
	at org.junit.runners.ParentRunner$3.run(ParentRunner.java:238)
	at org.junit.runners.ParentRunner$1.schedule(ParentRunner.java:63)
	at org.junit.runners.ParentRunner.runChildren(ParentRunner.java:236)
	at org.junit.runners.ParentRunner.access$000(ParentRunner.java:53)
	at org.junit.runners.ParentRunner$2.evaluate(ParentRunner.java:229)
	at org.junit.runners.ParentRunner.run(ParentRunner.java:309)
	at org.eclipse.jdt.internal.junit4.runner.JUnit4TestReference.run(JUnit4TestReference.java:50)
	at org.eclipse.jdt.internal.junit.runner.TestExecution.run(TestExecution.java:38)
	at org.eclipse.jdt.internal.junit.runner.RemoteTestRunner.runTests(RemoteTestRunner.java:467)
	at org.eclipse.jdt.internal.junit.runner.RemoteTestRunner.runTests(RemoteTestRunner.java:683)
	at org.eclipse.jdt.internal.junit.runner.RemoteTestRunner.run(RemoteTestRunner.java:390)
	at org.eclipse.jdt.internal.junit.runner.RemoteTestRunner.main(RemoteTestRunner.java:197)
2015-03-23 17:35:43,476 - Velocimacro : Default library not found.
2015-03-23 17:35:43,476 - Velocimacro : allowInline = true : VMs can be defined inline in templates
2015-03-23 17:35:43,476 - Velocimacro : allowInlineToOverride = false : VMs defined inline may NOT replace previous VM definitions
2015-03-23 17:35:43,476 - Velocimacro : allowInlineLocal = false : VMs defined inline will be global in scope if allowed.
2015-03-23 17:35:43,476 - Velocimacro : autoload off : VM system will not automatically reload global library macros
2015-03-23 17:35:43,533 - ResourceManager : found gool/generator/cpp/templates/header.vm with loader org.apache.velocity.runtime.resource.loader.ClasspathResourceLoader
2015-03-23 17:35:43,543 - ResourceManager : found gool/generator/cpp/templates/macros.vm with loader org.apache.velocity.runtime.resource.loader.ClasspathResourceLoader
2015-03-23 17:35:43,565 - ResourceManager : found gool/generator/cpp/templates/class.vm with loader org.apache.velocity.runtime.resource.loader.ClasspathResourceLoader
2015-03-23 17:35:43,567 - Velocimacro : VM addition rejected : includes : inline not allowed to replace existing VM
2015-03-23 17:35:43,568 - Velocimacro : VM addition rejected : params : inline not allowed to replace existing VM
2015-03-23 17:35:43,568 - Velocimacro : VM addition rejected : block : inline not allowed to replace existing VM
2015-03-23 17:35:43,569 - Velocimacro : VM addition rejected : interfaces : inline not allowed to replace existing VM
2015-03-23 17:35:43,570 - Velocimacro : VM addition rejected : join : inline not allowed to replace existing VM
2015-03-23 17:35:43,571 - ResourceManager : found gool/generator/cpp/templates/macros.vm with loader org.apache.velocity.runtime.resource.loader.ClasspathResourceLoader
2015-03-23 17:35:43,613 - ResourceManager : found gool/generator/cpp/templates/header.vm with loader org.apache.velocity.runtime.resource.loader.ClasspathResourceLoader
2015-03-23 17:35:43,614 - Velocimacro : VM addition rejected : includes : inline not allowed to replace existing VM
2015-03-23 17:35:43,615 - Velocimacro : VM addition rejected : params : inline not allowed to replace existing VM
2015-03-23 17:35:43,615 - Velocimacro : VM addition rejected : block : inline not allowed to replace existing VM
2015-03-23 17:35:43,615 - Velocimacro : VM addition rejected : interfaces : inline not allowed to replace existing VM
2015-03-23 17:35:43,616 - Velocimacro : VM addition rejected : join : inline not allowed to replace existing VM
2015-03-23 17:35:43,617 - ResourceManager : found gool/generator/cpp/templates/macros.vm with loader org.apache.velocity.runtime.resource.loader.ClasspathResourceLoader
2015-03-23 17:35:43,624 - ResourceManager : found gool/generator/cpp/templates/class.vm with loader org.apache.velocity.runtime.resource.loader.ClasspathResourceLoader
2015-03-23 17:35:43,625 - Velocimacro : VM addition rejected : includes : inline not allowed to replace existing VM
2015-03-23 17:35:43,625 - Velocimacro : VM addition rejected : params : inline not allowed to replace existing VM
2015-03-23 17:35:43,626 - Velocimacro : VM addition rejected : block : inline not allowed to replace existing VM
2015-03-23 17:35:43,626 - Velocimacro : VM addition rejected : interfaces : inline not allowed to replace existing VM
2015-03-23 17:35:43,627 - Velocimacro : VM addition rejected : join : inline not allowed to replace existing VM
2015-03-23 17:35:43,629 - ResourceManager : found gool/generator/cpp/templates/macros.vm with loader org.apache.velocity.runtime.resource.loader.ClasspathResourceLoader
2015-03-23 17:35:43,662 - ResourceManager : found gool/generator/cpp/templates/header.vm with loader org.apache.velocity.runtime.resource.loader.ClasspathResourceLoader
2015-03-23 17:35:43,663 - Velocimacro : VM addition rejected : includes : inline not allowed to replace existing VM
2015-03-23 17:35:43,663 - Velocimacro : VM addition rejected : params : inline not allowed to replace existing VM
2015-03-23 17:35:43,664 - Velocimacro : VM addition rejected : block : inline not allowed to replace existing VM
2015-03-23 17:35:43,664 - Velocimacro : VM addition rejected : interfaces : inline not allowed to replace existing VM
2015-03-23 17:35:43,664 - Velocimacro : VM addition rejected : join : inline not allowed to replace existing VM
2015-03-23 17:35:43,665 - ResourceManager : found gool/generator/cpp/templates/macros.vm with loader org.apache.velocity.runtime.resource.loader.ClasspathResourceLoader
2015-03-23 17:35:43,668 - ResourceManager : found gool/generator/cpp/templates/class.vm with loader org.apache.velocity.runtime.resource.loader.ClasspathResourceLoader
2015-03-23 17:35:43,669 - Velocimacro : VM addition rejected : includes : inline not allowed to replace existing VM
2015-03-23 17:35:43,669 - Velocimacro : VM addition rejected : params : inline not allowed to replace existing VM
2015-03-23 17:35:43,670 - Velocimacro : VM addition rejected : block : inline not allowed to replace existing VM
2015-03-23 17:35:43,670 - Velocimacro : VM addition rejected : interfaces : inline not allowed to replace existing VM
2015-03-23 17:35:43,671 - Velocimacro : VM addition rejected : join : inline not allowed to replace existing VM
2015-03-23 17:35:43,671 - ResourceManager : found gool/generator/cpp/templates/macros.vm with loader org.apache.velocity.runtime.resource.loader.ClasspathResourceLoader
2015-03-23 17:35:43,699 - ResourceManager : found gool/generator/cpp/templates/header.vm with loader org.apache.velocity.runtime.resource.loader.ClasspathResourceLoader
2015-03-23 17:35:43,700 - Velocimacro : VM addition rejected : includes : inline not allowed to replace existing VM
2015-03-23 17:35:43,701 - Velocimacro : VM addition rejected : params : inline not allowed to replace existing VM
2015-03-23 17:35:43,701 - Velocimacro : VM addition rejected : block : inline not allowed to replace existing VM
2015-03-23 17:35:43,701 - Velocimacro : VM addition rejected : interfaces : inline not allowed to replace existing VM
2015-03-23 17:35:43,701 - Velocimacro : VM addition rejected : join : inline not allowed to replace existing VM
2015-03-23 17:35:43,702 - ResourceManager : found gool/generator/cpp/templates/macros.vm with loader org.apache.velocity.runtime.resource.loader.ClasspathResourceLoader
2015-03-23 17:35:43,705 - ResourceManager : found gool/generator/cpp/templates/class.vm with loader org.apache.velocity.runtime.resource.loader.ClasspathResourceLoader
2015-03-23 17:35:43,706 - Velocimacro : VM addition rejected : includes : inline not allowed to replace existing VM
2015-03-23 17:35:43,706 - Velocimacro : VM addition rejected : params : inline not allowed to replace existing VM
2015-03-23 17:35:43,707 - Velocimacro : VM addition rejected : block : inline not allowed to replace existing VM
2015-03-23 17:35:43,707 - Velocimacro : VM addition rejected : interfaces : inline not allowed to replace existing VM
2015-03-23 17:35:43,707 - Velocimacro : VM addition rejected : join : inline not allowed to replace existing VM
2015-03-23 17:35:43,708 - ResourceManager : found gool/generator/cpp/templates/macros.vm with loader org.apache.velocity.runtime.resource.loader.ClasspathResourceLoader
2015-03-23 17:35:43,743 - ResourceManager : found gool/generator/cpp/templates/header.vm with loader org.apache.velocity.runtime.resource.loader.ClasspathResourceLoader
2015-03-23 17:35:43,744 - Velocimacro : VM addition rejected : includes : inline not allowed to replace existing VM
2015-03-23 17:35:43,744 - Velocimacro : VM addition rejected : params : inline not allowed to replace existing VM
2015-03-23 17:35:43,745 - Velocimacro : VM addition rejected : block : inline not allowed to replace existing VM
2015-03-23 17:35:43,745 - Velocimacro : VM addition rejected : interfaces : inline not allowed to replace existing VM
2015-03-23 17:35:43,745 - Velocimacro : VM addition rejected : join : inline not allowed to replace existing VM
2015-03-23 17:35:43,746 - ResourceManager : found gool/generator/cpp/templates/macros.vm with loader org.apache.velocity.runtime.resource.loader.ClasspathResourceLoader
2015-03-23 17:35:43,749 - ResourceManager : found gool/generator/cpp/templates/class.vm with loader org.apache.velocity.runtime.resource.loader.ClasspathResourceLoader
2015-03-23 17:35:43,750 - Velocimacro : VM addition rejected : includes : inline not allowed to replace existing VM
2015-03-23 17:35:43,751 - Velocimacro : VM addition rejected : params : inline not allowed to replace existing VM
2015-03-23 17:35:43,751 - Velocimacro : VM addition rejected : block : inline not allowed to replace existing VM
2015-03-23 17:35:43,751 - Velocimacro : VM addition rejected : interfaces : inline not allowed to replace existing VM
2015-03-23 17:35:43,752 - Velocimacro : VM addition rejected : join : inline not allowed to replace existing VM
2015-03-23 17:35:43,752 - ResourceManager : found gool/generator/cpp/templates/macros.vm with loader org.apache.velocity.runtime.resource.loader.ClasspathResourceLoader
2015-03-23 17:35:43,794 - ResourceManager : found gool/generator/cpp/templates/header.vm with loader org.apache.velocity.runtime.resource.loader.ClasspathResourceLoader
2015-03-23 17:35:43,795 - Velocimacro : VM addition rejected : includes : inline not allowed to replace existing VM
2015-03-23 17:35:43,795 - Velocimacro : VM addition rejected : params : inline not allowed to replace existing VM
2015-03-23 17:35:43,796 - Velocimacro : VM addition rejected : block : inline not allowed to replace existing VM
2015-03-23 17:35:43,796 - Velocimacro : VM addition rejected : interfaces : inline not allowed to replace existing VM
2015-03-23 17:35:43,796 - Velocimacro : VM addition rejected : join : inline not allowed to replace existing VM
2015-03-23 17:35:43,797 - ResourceManager : found gool/generator/cpp/templates/macros.vm with loader org.apache.velocity.runtime.resource.loader.ClasspathResourceLoader
2015-03-23 17:35:43,799 - ResourceManager : found gool/generator/cpp/templates/class.vm with loader org.apache.velocity.runtime.resource.loader.ClasspathResourceLoader
2015-03-23 17:35:43,802 - Velocimacro : VM addition rejected : includes : inline not allowed to replace existing VM
2015-03-23 17:35:43,802 - Velocimacro : VM addition rejected : params : inline not allowed to replace existing VM
2015-03-23 17:35:43,802 - Velocimacro : VM addition rejected : block : inline not allowed to replace existing VM
2015-03-23 17:35:43,802 - Velocimacro : VM addition rejected : interfaces : inline not allowed to replace existing VM
2015-03-23 17:35:43,803 - Velocimacro : VM addition rejected : join : inline not allowed to replace existing VM
2015-03-23 17:35:43,803 - ResourceManager : found gool/generator/cpp/templates/macros.vm with loader org.apache.velocity.runtime.resource.loader.ClasspathResourceLoader
2015-03-23 17:35:43,828 - ResourceManager : found gool/generator/cpp/templates/header.vm with loader org.apache.velocity.runtime.resource.loader.ClasspathResourceLoader
2015-03-23 17:35:43,829 - Velocimacro : VM addition rejected : includes : inline not allowed to replace existing VM
2015-03-23 17:35:43,829 - Velocimacro : VM addition rejected : params : inline not allowed to replace existing VM
2015-03-23 17:35:43,829 - Velocimacro : VM addition rejected : block : inline not allowed to replace existing VM
2015-03-23 17:35:43,830 - Velocimacro : VM addition rejected : interfaces : inline not allowed to replace existing VM
2015-03-23 17:35:43,830 - Velocimacro : VM addition rejected : join : inline not allowed to replace existing VM
2015-03-23 17:35:43,831 - ResourceManager : found gool/generator/cpp/templates/macros.vm with loader org.apache.velocity.runtime.resource.loader.ClasspathResourceLoader
2015-03-23 17:35:43,841 - ResourceManager : found gool/generator/cpp/templates/class.vm with loader org.apache.velocity.runtime.resource.loader.ClasspathResourceLoader
2015-03-23 17:35:43,842 - Velocimacro : VM addition rejected : includes : inline not allowed to replace existing VM
2015-03-23 17:35:43,842 - Velocimacro : VM addition rejected : params : inline not allowed to replace existing VM
2015-03-23 17:35:43,843 - Velocimacro : VM addition rejected : block : inline not allowed to replace existing VM
2015-03-23 17:35:43,843 - Velocimacro : VM addition rejected : interfaces : inline not allowed to replace existing VM
2015-03-23 17:35:43,843 - Velocimacro : VM addition rejected : join : inline not allowed to replace existing VM
2015-03-23 17:35:43,844 - ResourceManager : found gool/generator/cpp/templates/macros.vm with loader org.apache.velocity.runtime.resource.loader.ClasspathResourceLoader
